<?xml version="1.0" encoding="UTF-8"?>
<!-- Generated by org.testng.reporters.JUnitReportReporter -->
<testsuite hostname="DESKTOP-EHC392M" failures="0" tests="5" name="practice.RunTestScriptUsingMultipleData" time="0.019" errors="0" timestamp="2022-03-28T16:09:20 IST" skipped="0">
  <testcase classname="practice.RunTestScriptUsingMultipleData" name="ticketBookingTest" time="0.002"/>
  <system-out/>
  <testcase classname="practice.RunTestScriptUsingMultipleData" name="ticketBookingTest" time="0.003"/>
  <system-out/>
  <testcase classname="practice.RunTestScriptUsingMultipleData" name="ticketBookingTest" time="0.003"/>
  <system-out/>
  <testcase classname="practice.RunTestScriptUsingMultipleData" name="ticketBookingTest" time="0.009"/>
  <system-out/>
  <testcase classname="practice.RunTestScriptUsingMultipleData" name="ticketBookingTest" time="0.002"/>
  <system-out/>
</testsuite> <!-- practice.RunTestScriptUsingMultipleData -->
