<?xml version="1.0" encoding="UTF-8"?>
<!-- Generated by org.testng.reporters.JUnitReportReporter -->
<testsuite hostname="DESKTOP-EHC392M" failures="0" tests="1" name="practice.AssertionsDemo" time="0.019" errors="0" timestamp="2022-03-30T16:46:37 IST" skipped="0">
  <testcase classname="practice.AssertionsDemo" name="demo1" time="0.019"/>
  <system-out/>
</testsuite> <!-- practice.AssertionsDemo -->
